<?xml version="1.0" encoding="UTF-8"?>
<!-- Generated by org.testng.reporters.JUnitReportReporter -->
<testsuite hostname="DESKTOP-82OM217" failures="0" tests="1" name="testng.module001" time="0.094" errors="0" timestamp="2024-10-03T17:46:13 GMT-07:00" skipped="0">
  <testcase classname="testng.module001" name="test001" time="0.094"/>
</testsuite> <!-- testng.module001 -->
