<?xml version="1.0" encoding="UTF-8"?>
<!-- Generated by org.testng.reporters.JUnitReportReporter -->
<testsuite hostname="DESKTOP-82OM217" failures="0" tests="3" name="testngpractice.module002" time="0.109" errors="0" timestamp="2024-10-03T13:12:14 GMT-07:00" skipped="0">
  <testcase classname="testngpractice.module002" name="test001" time="0.067"/>
  <testcase classname="testngpractice.module002" name="test002" time="0.017"/>
  <testcase classname="testngpractice.module002" name="test003" time="0.025"/>
</testsuite> <!-- testngpractice.module002 -->
