<?xml version="1.0" encoding="UTF-8"?>
<!-- Generated by org.testng.reporters.JUnitReportReporter -->
<testsuite hostname="DESKTOP-82OM217" failures="0" tests="3" name="testngpractice.module001" time="0.063" errors="0" timestamp="2024-10-03T11:02:41 GMT-07:00" skipped="0">
  <testcase classname="testngpractice.module001" name="test001" time="0.037"/>
  <system-out/>
  <testcase classname="testngpractice.module001" name="test002" time="0.007"/>
  <system-out/>
  <testcase classname="testngpractice.module001" name="test003" time="0.019"/>
  <system-out/>
</testsuite> <!-- testngpractice.module001 -->
