<?xml version="1.0" encoding="UTF-8"?>
<!-- Generated by org.testng.reporters.JUnitReportReporter -->
<testsuite hostname="DESKTOP-82OM217" failures="0" tests="6" name="testngpractice.module001" time="0.027" errors="0" timestamp="2024-10-03T17:28:31 GMT-07:00" skipped="0">
  <testcase classname="testngpractice.module001" name="test001" time="0.005"/>
  <system-out/>
  <testcase classname="testngpractice.module001" name="test002" time="0.007"/>
  <system-out/>
  <testcase classname="testngpractice.module001" name="test002" time="0.002"/>
  <system-out/>
  <testcase classname="testngpractice.module001" name="test001" time="0.006"/>
  <system-out/>
  <testcase classname="testngpractice.module001" name="test003" time="0.004"/>
  <system-out/>
  <testcase classname="testngpractice.module001" name="test003" time="0.003"/>
  <system-out/>
</testsuite> <!-- testngpractice.module001 -->
