<?xml version="1.0" encoding="UTF-8"?>
<!-- Generated by org.testng.reporters.JUnitReportReporter -->
<testsuite hostname="DESKTOP-82OM217" failures="0" tests="6" name="testngpractice.module002" time="0.017" errors="0" timestamp="2024-10-03T17:28:31 GMT-07:00" skipped="0">
  <testcase classname="testngpractice.module002" name="test003" time="0.001"/>
  <system-out/>
  <testcase classname="testngpractice.module002" name="test001" time="0.002"/>
  <system-out/>
  <testcase classname="testngpractice.module002" name="test002" time="0.003"/>
  <system-out/>
  <testcase classname="testngpractice.module002" name="test003" time="0.003"/>
  <system-out/>
  <testcase classname="testngpractice.module002" name="test002" time="0.004"/>
  <system-out/>
  <testcase classname="testngpractice.module002" name="test001" time="0.004"/>
  <system-out/>
</testsuite> <!-- testngpractice.module002 -->
